<?xml version="1.0" encoding="UTF-8"?>
<!-- Generated by org.testng.reporters.JUnitReportReporter -->
<testsuite skipped="0" hostname="Lenovo_U41" name="com.Test.EditContactDetails" tests="1" failures="0" timestamp="2022-02-05T14:23:06 IST" time="22.705" errors="0">
  <testcase name="TC_MyInfo_010" time="22.705" classname="com.Test.EditContactDetails"/>
  <system-out/>
</testsuite> <!-- com.Test.EditContactDetails -->
